Data:05/09/25 horário: 09:46:41
Erro: Failed to parse time string (::) at position 0 (:): Unexpected character
Linha: 45
Arquivo: C:\Users\Matheus\Apache24\htdocs\projeto\model\Cronometro.php
 
Data:05/09/25 horário: 09:48:33
Erro: Failed to parse time string (::) at position 0 (:): Unexpected character
Linha: 45
Arquivo: C:\Users\Matheus\Apache24\htdocs\projeto\model\Cronometro.php
 
Data:05/09/25 horário: 09:49:44
Erro: Failed to parse time string (::) at position 0 (:): Unexpected character
Linha: 45
Arquivo: C:\Users\Matheus\Apache24\htdocs\projeto\model\Cronometro.php
 
Data:05/09/25 horário: 09:51:09
Erro: Failed to parse time string (::) at position 0 (:): Unexpected character
Linha: 45
Arquivo: C:\Users\Matheus\Apache24\htdocs\projeto\model\Cronometro.php
 
Data:05/09/25 horário: 09:52:13
Erro: Failed to parse time string (::) at position 0 (:): Unexpected character
Linha: 45
Arquivo: C:\Users\Matheus\Apache24\htdocs\projeto\model\Cronometro.php
 
Data:05/09/25 horário: 09:52:44
Erro: Failed to parse time string (::) at position 0 (:): Unexpected character
Linha: 45
Arquivo: C:\Users\Matheus\Apache24\htdocs\projeto\model\Cronometro.php
 
Data:05/09/25 horário: 09:54:38
Erro: Failed to parse time string (:13:13) at position 0 (:): Unexpected character
Linha: 45
Arquivo: C:\Users\Matheus\Apache24\htdocs\projeto\model\Cronometro.php
 
Data:05/09/25 horário: 09:54:46
Erro: Failed to parse time string (:13:13) at position 0 (:): Unexpected character
Linha: 45
Arquivo: C:\Users\Matheus\Apache24\htdocs\projeto\model\Cronometro.php
 
